<?xml version="1.0" encoding="UTF-8"?>
<testng-results skipped="0" failed="0" total="1" passed="1">
  <reporter-output>
  </reporter-output>
  <suite name="Default suite" duration-ms="875" started-at="2020-01-07T07:39:57Z" finished-at="2020-01-07T07:39:58Z">
    <groups>
    </groups>
    <test name="Default test" duration-ms="875" started-at="2020-01-07T07:39:57Z" finished-at="2020-01-07T07:39:58Z">
      <class name="com.dataDriven.test.Parameterize">
        <test-method status="PASS" signature="fetchdata()[pri:0, instance:com.dataDriven.test.Parameterize@23ceabc1]" name="fetchdata" duration-ms="843" started-at="2020-01-07T13:09:57Z" finished-at="2020-01-07T13:09:58Z">
          <reporter-output>
          </reporter-output>
        </test-method> <!-- fetchdata -->
      </class> <!-- com.dataDriven.test.Parameterize -->
    </test> <!-- Default test -->
  </suite> <!-- Default suite -->
</testng-results>
